<?xml version='1.0'?>
<ns2:test-suite xmlns:ns2='urn:model.allure.qatools.yandex.ru' start='1673133905185' stop='1673133906663'>
    <name>Wdio IU code challenge</name>
    <title>Wdio IU code challenge</title>
    <test-cases>
        <test-case start='1673133905186' status='failed' stop='1673133906646'>
            <name>should stop the progress bar at 75 percent</name>
            <title>should stop the progress bar at 75 percent</title>
            <labels>
                <label name='language' value='javascript'/>
                <label name='framework' value='wdio'/>
                <label name='thread' value='0-0'/>
            </labels>
            <parameters>
                <parameter kind='argument' name='browser' value='chrome-108.0.5359.125'/>
            </parameters>
            <steps>
                <step start='1673133905203' status='passed' stop='1673133906157'>
                    <name>POST /session/:sessionId/url</name>
                    <title>POST /session/:sessionId/url</title>
                    <attachments>
                        <attachment title='Request' source='5e7c53d8-0174-4b38-978d-056960ece42d-attachment.json' type='application/json' size='57'/>
                    </attachments>
                    <steps/>
                </step>
                <step start='1673133906163' status='passed' stop='1673133906237'>
                    <name>POST /session/:sessionId/element</name>
                    <title>POST /session/:sessionId/element</title>
                    <attachments>
                        <attachment title='Request' source='6d53d6d7-ba92-4342-a1cd-aa40275d52e4-attachment.json' type='application/json' size='56'/>
                        <attachment title='Response' source='2686c9c3-0cbf-4e69-9861-36156f4db173-attachment.json' type='application/json' size='83'/>
                    </attachments>
                    <steps/>
                </step>
                <step start='1673133906252' status='passed' stop='1673133906342'>
                    <name>POST /session/:sessionId/element/3801eb27-27e7-465b-bd29-dbe2a1c37052/click</name>
                    <title>POST /session/:sessionId/element/3801eb27-27e7-465b-bd29-dbe2a1c37052/click</title>
                    <attachments/>
                    <steps/>
                </step>
                <step start='1673133906351' status='failed' stop='1673133906646'>
                    <name>GET /session/:sessionId/screenshot</name>
                    <title>GET /session/:sessionId/screenshot</title>
                    <attachments/>
                    <steps>
                        <step start='1673133906351' status='passed' stop='1673133906639'>
                            <name>POST /session/:sessionId/element</name>
                            <title>POST /session/:sessionId/element</title>
                            <attachments>
                                <attachment title='Request' source='8048199d-504f-43a5-80d4-a9d3c11215b7-attachment.json' type='application/json' size='56'/>
                                <attachment title='Screenshot' source='4a6262a1-8c27-49d2-8bc5-c8cdc40c6cf6-attachment.png' type='image/png' size='43197'/>
                            </attachments>
                            <steps/>
                        </step>
                    </steps>
                </step>
                <step start='1673133906652' status='undefined'>
                    <name>GET /session/:sessionId/element/b0d39ead-6cdc-478d-8a65-aeebfaf1d3c4/property/value</name>
                    <title>GET /session/:sessionId/element/b0d39ead-6cdc-478d-8a65-aeebfaf1d3c4/property/value</title>
                    <attachments/>
                    <steps/>
                </step>
            </steps>
            <attachments>
                <attachment title='Response' source='3b6ce4b6-e88c-4dfb-9427-01446c724edf-attachment.json' type='application/json' size='83'/>
            </attachments>
            <failure>
                <message>expected '75%' to equal Promise{…}      
                      actual expected
                      
                      '75%'Promise [Promise] {}
                      </message>
                <stack-trace>AssertionError: expected '75%' to equal Promise{…}
                    at Context.&lt;anonymous> (C:\Users\Bruno\Documents\GitHub\wdio\test\specs\progressBar.e2e.js:22:22)
                    at process.processTicksAndRejections (node:internal/process/task_queues:95:5)</stack-trace>
            </failure>
        </test-case>
    </test-cases>
</ns2:test-suite>