<?xml version='1.0'?>
<ns2:test-suite xmlns:ns2='urn:model.allure.qatools.yandex.ru' start='1673124960029' stop='1673124962962'>
    <name>Wdio IU code challenge</name>
    <title>Wdio IU code challenge</title>
    <test-cases>
        <test-case start='1673124960029' status='failed' stop='1673124962961'>
            <name>should stop the progress bar at 75 percent</name>
            <title>should stop the progress bar at 75 percent</title>
            <labels>
                <label name='language' value='javascript'/>
                <label name='framework' value='wdio'/>
                <label name='thread' value='0-2'/>
            </labels>
            <parameters>
                <parameter kind='argument' name='browser' value='chrome-108.0.5359.125'/>
            </parameters>
            <steps>
                <step start='1673124960084' status='passed' stop='1673124962143'>
                    <name>POST /session/:sessionId/url</name>
                    <title>POST /session/:sessionId/url</title>
                    <attachments>
                        <attachment title='Request' source='37ed0195-fe65-4a07-90fc-aeef01e60a6a-attachment.json' type='application/json' size='57'/>
                    </attachments>
                    <steps/>
                </step>
                <step start='1673124962146' status='passed' stop='1673124962328'>
                    <name>POST /session/:sessionId/element</name>
                    <title>POST /session/:sessionId/element</title>
                    <attachments>
                        <attachment title='Request' source='6a8cf7d8-176f-433e-8874-2d151c8e1fd6-attachment.json' type='application/json' size='56'/>
                        <attachment title='Response' source='275e1179-952d-4f6b-a1c0-1a771ef1f0dd-attachment.json' type='application/json' size='83'/>
                    </attachments>
                    <steps/>
                </step>
                <step start='1673124962337' status='passed' stop='1673124962494'>
                    <name>POST /session/:sessionId/element/06f293e4-f686-4409-b81a-b02df5b3a8c1/click</name>
                    <title>POST /session/:sessionId/element/06f293e4-f686-4409-b81a-b02df5b3a8c1/click</title>
                    <attachments/>
                    <steps/>
                </step>
                <step start='1673124962498' status='failed' stop='1673124962961'>
                    <name>GET /session/:sessionId/screenshot</name>
                    <title>GET /session/:sessionId/screenshot</title>
                    <attachments/>
                    <steps>
                        <step start='1673124962499' status='passed' stop='1673124962632'>
                            <name>POST /session/:sessionId/element</name>
                            <title>POST /session/:sessionId/element</title>
                            <attachments>
                                <attachment title='Request' source='a9b42a7d-73e0-4dd3-a19d-375724c20954-attachment.json' type='application/json' size='56'/>
                                <attachment title='Response' source='8f2dd4bd-4807-4082-854c-f3fa5a85af70-attachment.json' type='application/json' size='83'/>
                            </attachments>
                            <steps/>
                        </step>
                        <step start='1673124962644' status='passed' stop='1673124962954'>
                            <name>GET /session/:sessionId/element/7ae45e65-cff6-4f08-8dce-5e0716e06e62/text</name>
                            <title>GET /session/:sessionId/element/7ae45e65-cff6-4f08-8dce-5e0716e06e62/text</title>
                            <attachments>
                                <attachment title='Screenshot' source='f9ecc35a-bc9d-4dbd-8fbf-531298c046a7-attachment.png' type='image/png' size='43197'/>
                            </attachments>
                            <steps/>
                        </step>
                    </steps>
                </step>
            </steps>
            <attachments/>
            <failure>
                <message>expected '75%' to equal Promise{…}      
                      actual expected
                      
                      '75%'Promise [Promise] {}
                      </message>
                <stack-trace>AssertionError: expected '75%' to equal Promise{…}
                    at Context.&lt;anonymous> (C:\Users\Bruno\Documents\GitHub\wdio\test\specs\progressBar.e2e.js:23:22)
                    at process.processTicksAndRejections (node:internal/process/task_queues:95:5)</stack-trace>
            </failure>
        </test-case>
    </test-cases>
</ns2:test-suite>