<?xml version='1.0'?>
<ns2:test-suite xmlns:ns2='urn:model.allure.qatools.yandex.ru' start='1673134431802' stop='1673134433403'>
    <name>Wdio IU code challenge</name>
    <title>Wdio IU code challenge</title>
    <test-cases>
        <test-case start='1673134431803' status='failed' stop='1673134433389'>
            <name>should stop the progress bar at 75 percent</name>
            <title>should stop the progress bar at 75 percent</title>
            <labels>
                <label name='language' value='javascript'/>
                <label name='framework' value='wdio'/>
                <label name='thread' value='0-0'/>
            </labels>
            <parameters>
                <parameter kind='argument' name='browser' value='chrome-108.0.5359.125'/>
            </parameters>
            <steps>
                <step start='1673134431816' status='passed' stop='1673134432789'>
                    <name>POST /session/:sessionId/url</name>
                    <title>POST /session/:sessionId/url</title>
                    <attachments>
                        <attachment title='Request' source='c52546b0-1265-4b62-b5a8-a22baae389a9-attachment.json' type='application/json' size='57'/>
                    </attachments>
                    <steps/>
                </step>
                <step start='1673134432792' status='passed' stop='1673134432866'>
                    <name>POST /session/:sessionId/element</name>
                    <title>POST /session/:sessionId/element</title>
                    <attachments>
                        <attachment title='Request' source='d40d5991-6906-4cba-8ff2-45843d273db4-attachment.json' type='application/json' size='56'/>
                        <attachment title='Response' source='d6fd67b4-2660-4f0e-8d58-2a3033b1a2f3-attachment.json' type='application/json' size='83'/>
                    </attachments>
                    <steps/>
                </step>
                <step start='1673134432877' status='passed' stop='1673134433019'>
                    <name>POST /session/:sessionId/element/e65c1aaa-bac8-4efb-9111-0b7cdac2e859/click</name>
                    <title>POST /session/:sessionId/element/e65c1aaa-bac8-4efb-9111-0b7cdac2e859/click</title>
                    <attachments/>
                    <steps/>
                </step>
                <step start='1673134433024' status='failed' stop='1673134433389'>
                    <name>POST /session/:sessionId/element</name>
                    <title>POST /session/:sessionId/element</title>
                    <attachments>
                        <attachment title='Request' source='16d1fc35-c1d2-48b9-965c-49807b013af6-attachment.json' type='application/json' size='53'/>
                    </attachments>
                    <steps>
                        <step start='1673134433026' status='failed' stop='1673134433389'>
                            <name>GET /session/:sessionId/screenshot</name>
                            <title>GET /session/:sessionId/screenshot</title>
                            <attachments/>
                            <steps>
                                <step start='1673134433027' status='passed' stop='1673134433147'>
                                    <name>POST /session/:sessionId/element</name>
                                    <title>POST /session/:sessionId/element</title>
                                    <attachments>
                                        <attachment title='Request' source='7063a126-698e-429b-961f-da35be8e4ae9-attachment.json' type='application/json' size='53'/>
                                        <attachment title='Response' source='48a403a4-aaae-4a60-930e-875dc37b20d0-attachment.json' type='application/json' size='83'/>
                                    </attachments>
                                    <steps/>
                                </step>
                                <step start='1673134433151' status='passed' stop='1673134433383'>
                                    <name>GET /session/:sessionId/element/74b332a5-42de-4b72-89b5-560571a4c116/property/value</name>
                                    <title>GET /session/:sessionId/element/74b332a5-42de-4b72-89b5-560571a4c116/property/value</title>
                                    <attachments>
                                        <attachment title='Screenshot' source='393e1867-d224-45be-9f3c-b44b336f9826-attachment.png' type='image/png' size='43197'/>
                                    </attachments>
                                    <steps/>
                                </step>
                            </steps>
                        </step>
                    </steps>
                </step>
                <step start='1673134433397' status='undefined'>
                    <name>GET /session/:sessionId/element/74b332a5-42de-4b72-89b5-560571a4c116/text</name>
                    <title>GET /session/:sessionId/element/74b332a5-42de-4b72-89b5-560571a4c116/text</title>
                    <attachments/>
                    <steps/>
                </step>
            </steps>
            <attachments>
                <attachment title='Response' source='b8f13489-07ea-4339-aa67-cdd0ed6626e9-attachment.json' type='application/json' size='83'/>
            </attachments>
            <failure>
                <message>expected '75%' to equal Promise{…}      
                      actual expected
                      
                      '75%'Promise [Promise] {}
                      </message>
                <stack-trace>AssertionError: expected '75%' to equal Promise{…}
                    at Context.&lt;anonymous> (C:\Users\Bruno\Documents\GitHub\wdio\test\specs\progressBar.e2e.js:23:22)
                    at process.processTicksAndRejections (node:internal/process/task_queues:95:5)</stack-trace>
            </failure>
        </test-case>
    </test-cases>
</ns2:test-suite>