<?xml version='1.0'?>
<ns2:test-suite xmlns:ns2='urn:model.allure.qatools.yandex.ru' start='1673142104851' stop='1673142106373'>
    <name>Wdio IU code challenge</name>
    <title>Wdio IU code challenge</title>
    <test-cases>
        <test-case start='1673142104852' status='failed' stop='1673142106354'>
            <name>should stop the progress bar at 75 percent</name>
            <title>should stop the progress bar at 75 percent</title>
            <labels>
                <label name='language' value='javascript'/>
                <label name='framework' value='wdio'/>
                <label name='thread' value='0-0'/>
            </labels>
            <parameters>
                <parameter kind='argument' name='browser' value='chrome-108.0.5359.125'/>
            </parameters>
            <steps>
                <step start='1673142104855' status='passed' stop='1673142106055'>
                    <name>POST /session/:sessionId/url</name>
                    <title>POST /session/:sessionId/url</title>
                    <attachments>
                        <attachment title='Request' source='8a6c8510-9853-4760-9318-fb6ff39da25b-attachment.json' type='application/json' size='57'/>
                    </attachments>
                    <steps/>
                </step>
                <step start='1673142106061' status='failed' stop='1673142106354'>
                    <name>GET /session/:sessionId/screenshot</name>
                    <title>GET /session/:sessionId/screenshot</title>
                    <attachments/>
                    <steps>
                        <step start='1673142106061' status='passed' stop='1673142106348'>
                            <name>POST /session/:sessionId/element</name>
                            <title>POST /session/:sessionId/element</title>
                            <attachments>
                                <attachment title='Request' source='ce145524-4e8b-4dc5-8f3d-d29cdceb8a27-attachment.json' type='application/json' size='56'/>
                                <attachment title='Screenshot' source='4ff30bcf-33b3-41d1-a5d4-383f1f54bbef-attachment.png' type='image/png' size='42356'/>
                            </attachments>
                            <steps/>
                        </step>
                    </steps>
                </step>
                <step start='1673142106370' status='undefined'>
                    <name>GET /session/:sessionId/element/33a0f793-edba-4360-9e07-aa3b556ed98a/text</name>
                    <title>GET /session/:sessionId/element/33a0f793-edba-4360-9e07-aa3b556ed98a/text</title>
                    <attachments/>
                    <steps/>
                </step>
            </steps>
            <attachments>
                <attachment title='Response' source='85801e01-cabb-434b-9cd6-ef36fef19eb9-attachment.json' type='application/json' size='83'/>
            </attachments>
            <failure>
                <message>expected 'Start' to equal Promise{…}      
                      actual expected
                      
                      'Start'Promise [Promise] {}
                      </message>
                <stack-trace>AssertionError: expected 'Start' to equal Promise{…}
                    at Context.&lt;anonymous> (C:\Users\Bruno\Documents\GitHub\wdio\test\specs\progressBar.e2e.js:20:22)
                    at process.processTicksAndRejections (node:internal/process/task_queues:95:5)</stack-trace>
            </failure>
        </test-case>
    </test-cases>
</ns2:test-suite>