<?xml version='1.0'?>
<ns2:test-suite xmlns:ns2='urn:model.allure.qatools.yandex.ru' start='1673124960265' stop='1673124962533'>
    <name>Wdio IU code challenge</name>
    <title>Wdio IU code challenge</title>
    <test-cases>
        <test-case start='1673124960265' status='failed' stop='1673124962514'>
            <name>should check message when click button more than once</name>
            <title>should check message when click button more than once</title>
            <labels>
                <label name='language' value='javascript'/>
                <label name='framework' value='wdio'/>
                <label name='thread' value='0-0'/>
            </labels>
            <parameters>
                <parameter kind='argument' name='browser' value='chrome-108.0.5359.125'/>
            </parameters>
            <steps>
                <step start='1673124960397' status='passed' stop='1673124962052'>
                    <name>POST /session/:sessionId/url</name>
                    <title>POST /session/:sessionId/url</title>
                    <attachments>
                        <attachment title='Request' source='949a71d4-3564-440d-b923-55ad3ef4fbf5-attachment.json' type='application/json' size='50'/>
                    </attachments>
                    <steps/>
                </step>
                <step start='1673124962055' status='failed' stop='1673124962514'>
                    <name>GET /session/:sessionId/url</name>
                    <title>GET /session/:sessionId/url</title>
                    <attachments/>
                    <steps>
                        <step start='1673124962055' status='passed' stop='1673124962498'>
                            <name>GET /session/:sessionId/screenshot</name>
                            <title>GET /session/:sessionId/screenshot</title>
                            <attachments>
                                <attachment title='Screenshot' source='d29869f4-50b5-4b3d-9b05-ae911bc4bb9e-attachment.png' type='image/png' size='39090'/>
                            </attachments>
                            <steps/>
                        </step>
                    </steps>
                </step>
            </steps>
            <attachments>
                <attachment title='Response' source='92ab32e3-59ab-4826-8a6b-8075ce156ce1-attachment.json' type='application/json' size='37'/>
            </attachments>
            <failure>
                <message>expected 'http://uitestingplayground.com/ajax' to equal Promise{…}      
                      actual expected
                      
                      'http://uitestingplayground.com/ajax'Promise [Promise] {}
                      </message>
                <stack-trace>AssertionError: expected 'http://uitestingplayground.com/ajax' to equal Promise{…}
                    at Context.&lt;anonymous> (C:\Users\Bruno\Documents\GitHub\wdio\test\specs\ajax.e2e.js:17:16)
                    at process.processTicksAndRejections (node:internal/process/task_queues:95:5)</stack-trace>
            </failure>
        </test-case>
    </test-cases>
</ns2:test-suite>