<?xml version='1.0'?>
<ns2:test-suite xmlns:ns2='urn:model.allure.qatools.yandex.ru' start='1673133820785' stop='1673133822255'>
    <name>Wdio IU code challenge</name>
    <title>Wdio IU code challenge</title>
    <test-cases>
        <test-case start='1673133820786' status='failed' stop='1673133822242'>
            <name>should stop the progress bar at 75 percent</name>
            <title>should stop the progress bar at 75 percent</title>
            <labels>
                <label name='language' value='javascript'/>
                <label name='framework' value='wdio'/>
                <label name='thread' value='0-0'/>
            </labels>
            <parameters>
                <parameter kind='argument' name='browser' value='chrome-108.0.5359.125'/>
            </parameters>
            <steps>
                <step start='1673133820802' status='passed' stop='1673133821821'>
                    <name>POST /session/:sessionId/url</name>
                    <title>POST /session/:sessionId/url</title>
                    <attachments>
                        <attachment title='Request' source='f4f14097-11aa-4797-8659-731c8b230011-attachment.json' type='application/json' size='57'/>
                    </attachments>
                    <steps/>
                </step>
                <step start='1673133821823' status='passed' stop='1673133821897'>
                    <name>POST /session/:sessionId/element</name>
                    <title>POST /session/:sessionId/element</title>
                    <attachments>
                        <attachment title='Request' source='bb8faa66-b0c9-4519-b22b-3332f2053f10-attachment.json' type='application/json' size='56'/>
                        <attachment title='Response' source='2f925bda-876b-472a-b480-35fe0640de14-attachment.json' type='application/json' size='83'/>
                    </attachments>
                    <steps/>
                </step>
                <step start='1673133821906' status='passed' stop='1673133822024'>
                    <name>POST /session/:sessionId/element/189ce741-1396-414a-9e9c-a571cacdc0a5/click</name>
                    <title>POST /session/:sessionId/element/189ce741-1396-414a-9e9c-a571cacdc0a5/click</title>
                    <attachments/>
                    <steps/>
                </step>
                <step start='1673133822032' status='failed' stop='1673133822242'>
                    <name>GET /session/:sessionId/screenshot</name>
                    <title>GET /session/:sessionId/screenshot</title>
                    <attachments/>
                    <steps>
                        <step start='1673133822032' status='passed' stop='1673133822229'>
                            <name>POST /session/:sessionId/element</name>
                            <title>POST /session/:sessionId/element</title>
                            <attachments>
                                <attachment title='Request' source='6decbda5-d8a6-4d85-b3c2-06b335eed637-attachment.json' type='application/json' size='56'/>
                                <attachment title='Screenshot' source='dc004371-4fa9-46a2-abdd-95894b9f98ba-attachment.png' type='image/png' size='43212'/>
                            </attachments>
                            <steps/>
                        </step>
                    </steps>
                </step>
                <step start='1673133822253' status='undefined'>
                    <name>GET /session/:sessionId/element/a236ca63-a60d-49a2-9ace-e525ce6900d0/text</name>
                    <title>GET /session/:sessionId/element/a236ca63-a60d-49a2-9ace-e525ce6900d0/text</title>
                    <attachments/>
                    <steps/>
                </step>
            </steps>
            <attachments>
                <attachment title='Response' source='c0addb97-04a1-4075-9159-46bff1db1daf-attachment.json' type='application/json' size='83'/>
            </attachments>
            <failure>
                <message>expected '75%' to equal Promise{…}      
                      actual expected
                      
                      '75%'Promise [Promise] {}
                      </message>
                <stack-trace>AssertionError: expected '75%' to equal Promise{…}
                    at Context.&lt;anonymous> (C:\Users\Bruno\Documents\GitHub\wdio\test\specs\progressBar.e2e.js:22:22)
                    at process.processTicksAndRejections (node:internal/process/task_queues:95:5)</stack-trace>
            </failure>
        </test-case>
    </test-cases>
</ns2:test-suite>