<?xml version='1.0'?>
<ns2:test-suite xmlns:ns2='urn:model.allure.qatools.yandex.ru' start='1673134155324' stop='1673134156768'>
    <name>Wdio IU code challenge</name>
    <title>Wdio IU code challenge</title>
    <test-cases>
        <test-case start='1673134155324' status='failed' stop='1673134156765'>
            <name>should stop the progress bar at 75 percent</name>
            <title>should stop the progress bar at 75 percent</title>
            <labels>
                <label name='language' value='javascript'/>
                <label name='framework' value='wdio'/>
                <label name='thread' value='0-0'/>
            </labels>
            <parameters>
                <parameter kind='argument' name='browser' value='chrome-108.0.5359.125'/>
            </parameters>
            <steps>
                <step start='1673134155365' status='passed' stop='1673134156339'>
                    <name>POST /session/:sessionId/url</name>
                    <title>POST /session/:sessionId/url</title>
                    <attachments>
                        <attachment title='Request' source='add970a6-ca19-41d3-8548-59ff7dd7349b-attachment.json' type='application/json' size='57'/>
                    </attachments>
                    <steps/>
                </step>
                <step start='1673134156342' status='passed' stop='1673134156397'>
                    <name>POST /session/:sessionId/element</name>
                    <title>POST /session/:sessionId/element</title>
                    <attachments>
                        <attachment title='Request' source='8980c05c-1be9-4ec1-b029-d4147c341a11-attachment.json' type='application/json' size='56'/>
                        <attachment title='Response' source='0aa14911-aa45-4904-a349-e227db969c24-attachment.json' type='application/json' size='83'/>
                    </attachments>
                    <steps/>
                </step>
                <step start='1673134156408' status='passed' stop='1673134156487'>
                    <name>POST /session/:sessionId/element/919c0e2d-e98c-41b9-bf65-b263f0de3043/click</name>
                    <title>POST /session/:sessionId/element/919c0e2d-e98c-41b9-bf65-b263f0de3043/click</title>
                    <attachments/>
                    <steps/>
                </step>
                <step start='1673134156491' status='failed' stop='1673134156765'>
                    <name>GET /session/:sessionId/screenshot</name>
                    <title>GET /session/:sessionId/screenshot</title>
                    <attachments/>
                    <steps>
                        <step start='1673134156492' status='passed' stop='1673134156588'>
                            <name>POST /session/:sessionId/element</name>
                            <title>POST /session/:sessionId/element</title>
                            <attachments>
                                <attachment title='Request' source='303f74c8-937b-428b-942f-59ea9d2ff75a-attachment.json' type='application/json' size='56'/>
                                <attachment title='Response' source='0f834cfb-3832-4c3c-8655-597f686afcb4-attachment.json' type='application/json' size='83'/>
                            </attachments>
                            <steps/>
                        </step>
                        <step start='1673134156592' status='passed' stop='1673134156759'>
                            <name>GET /session/:sessionId/element/efc404ba-09ae-4b77-a8e7-72ea854f2b31/property/value</name>
                            <title>GET /session/:sessionId/element/efc404ba-09ae-4b77-a8e7-72ea854f2b31/property/value</title>
                            <attachments>
                                <attachment title='Screenshot' source='afb43a1d-83bb-4bb5-a065-831e79bf212d-attachment.png' type='image/png' size='43197'/>
                            </attachments>
                            <steps/>
                        </step>
                    </steps>
                </step>
            </steps>
            <attachments/>
            <failure>
                <message>expected '75%' to equal Promise{…}      
                      actual expected
                      
                      '75%'Promise [Promise] {}
                      </message>
                <stack-trace>AssertionError: expected '75%' to equal Promise{…}
                    at Context.&lt;anonymous> (C:\Users\Bruno\Documents\GitHub\wdio\test\specs\progressBar.e2e.js:22:22)
                    at process.processTicksAndRejections (node:internal/process/task_queues:95:5)</stack-trace>
            </failure>
        </test-case>
    </test-cases>
</ns2:test-suite>