<?xml version='1.0'?>
<ns2:test-suite xmlns:ns2='urn:model.allure.qatools.yandex.ru' start='1673141963533' stop='1673141964773'>
    <name>Wdio IU code challenge</name>
    <title>Wdio IU code challenge</title>
    <test-cases>
        <test-case start='1673141963533' status='failed' stop='1673141964771'>
            <name>should stop the progress bar at 75 percent</name>
            <title>should stop the progress bar at 75 percent</title>
            <labels>
                <label name='language' value='javascript'/>
                <label name='framework' value='wdio'/>
                <label name='thread' value='0-0'/>
            </labels>
            <parameters>
                <parameter kind='argument' name='browser' value='chrome-108.0.5359.125'/>
            </parameters>
            <steps>
                <step start='1673141963564' status='passed' stop='1673141964497'>
                    <name>POST /session/:sessionId/url</name>
                    <title>POST /session/:sessionId/url</title>
                    <attachments>
                        <attachment title='Request' source='d8059932-a734-41f3-a133-1a2364901037-attachment.json' type='application/json' size='57'/>
                    </attachments>
                    <steps/>
                </step>
                <step start='1673141964502' status='failed' stop='1673141964771'>
                    <name>GET /session/:sessionId/screenshot</name>
                    <title>GET /session/:sessionId/screenshot</title>
                    <attachments/>
                    <steps>
                        <step start='1673141964502' status='passed' stop='1673141964595'>
                            <name>POST /session/:sessionId/element</name>
                            <title>POST /session/:sessionId/element</title>
                            <attachments>
                                <attachment title='Request' source='4a342951-647e-4df1-b099-137c1c34e916-attachment.json' type='application/json' size='56'/>
                                <attachment title='Response' source='e75e671c-e91c-402e-8d65-ff901444a6de-attachment.json' type='application/json' size='83'/>
                            </attachments>
                            <steps/>
                        </step>
                        <step start='1673141964605' status='passed' stop='1673141964764'>
                            <name>GET /session/:sessionId/element/78333b17-f244-4164-99ac-1f22e7f7771f/text</name>
                            <title>GET /session/:sessionId/element/78333b17-f244-4164-99ac-1f22e7f7771f/text</title>
                            <attachments>
                                <attachment title='Screenshot' source='b434d420-b023-49f0-aa8b-5fa1004cf60e-attachment.png' type='image/png' size='42356'/>
                            </attachments>
                            <steps/>
                        </step>
                    </steps>
                </step>
            </steps>
            <attachments/>
            <failure>
                <message>expected 'Start' to equal Promise{…}      
                      actual expected
                      
                      'Start'Promise [Promise] {}
                      </message>
                <stack-trace>AssertionError: expected 'Start' to equal Promise{…}
                    at Context.&lt;anonymous> (C:\Users\Bruno\Documents\GitHub\wdio\test\specs\progressBar.e2e.js:20:22)
                    at process.processTicksAndRejections (node:internal/process/task_queues:95:5)</stack-trace>
            </failure>
        </test-case>
    </test-cases>
</ns2:test-suite>